Copyright 1986-2022 Xilinx, Inc. All Rights Reserved. Copyright 2022-2025 Advanced Micro Devices, Inc. All Rights Reserved.
---------------------------------------------------------------------------------------------------------------------------------------------
| Tool Version : Vivado v.2025.2 (win64) Build 6299465 Fri Nov 14 19:35:11 GMT 2025
| Date         : Mon Jan 12 18:36:41 2026
| Host         : DESKTOP-CLDIC98 running 64-bit major release  (build 9200)
| Command      : report_drc -file RV64I59F5SPSoCTOP_drc_routed.rpt -pb RV64I59F5SPSoCTOP_drc_routed.pb -rpx RV64I59F5SPSoCTOP_drc_routed.rpx
| Design       : RV64I59F5SPSoCTOP
| Device       : xc7a200tsbg484-3
| Speed File   : -3
| Design State : Fully Routed
---------------------------------------------------------------------------------------------------------------------------------------------

Report DRC

Table of Contents
-----------------
1. REPORT SUMMARY
2. REPORT DETAILS

1. REPORT SUMMARY
-----------------
            Netlist: netlist
          Floorplan: design_1
      Design limits: <entire design considered>
           Ruledeck: default
             Max checks: <unlimited>
             Checks found: 0
+------+----------+-------------+--------+
| Rule | Severity | Description | Checks |
+------+----------+-------------+--------+
+------+----------+-------------+--------+

2. REPORT DETAILS
-----------------

